D:\VCPRO\FLYGOMFC\FLYGOMFC\RELEASE\FLYGOMFC.PCH
D:\VCPRO\FLYGOMFC\FLYGOMFC\RELEASE\STDAFX.OBJ
D:\VCPRO\FLYGOMFC\FLYGOMFC\RELEASE\VC110.PDB
D:\VCPRO\FLYGOMFC\FLYGOMFC\RELEASE\TOOL.OBJ
D:\VCPRO\FLYGOMFC\FLYGOMFC\RELEASE\FLYGOMFCDLG.OBJ
D:\VCPRO\FLYGOMFC\FLYGOMFC\RELEASE\FLYGOMFC.OBJ
D:\VCPRO\FLYGOMFC\RELEASE\FLYGOMFC.EXE
D:\VCPRO\FLYGOMFC\RELEASE\FLYGOMFC.PDB
D:\VCPRO\FLYGOMFC\FLYGOMFC\RELEASE\FLYGOMFC.RES
D:\vcpro\flygomfc\flygomfc\Release\flygomfc.obj
D:\vcpro\flygomfc\flygomfc\Release\flygomfcDlg.obj
D:\vcpro\flygomfc\flygomfc\Release\stdafx.obj
D:\vcpro\flygomfc\flygomfc\Release\tool.obj
D:\vcpro\flygomfc\flygomfc\Release\cl.command.1.tlog
D:\vcpro\flygomfc\flygomfc\Release\CL.read.1.tlog
D:\vcpro\flygomfc\flygomfc\Release\CL.write.1.tlog
D:\vcpro\flygomfc\flygomfc\Release\link-cvtres.read.1.tlog
D:\vcpro\flygomfc\flygomfc\Release\link-cvtres.write.1.tlog
D:\vcpro\flygomfc\flygomfc\Release\link-mt.read.1.tlog
D:\vcpro\flygomfc\flygomfc\Release\link-mt.write.1.tlog
D:\vcpro\flygomfc\flygomfc\Release\link-rc.read.1.tlog
D:\vcpro\flygomfc\flygomfc\Release\link-rc.write.1.tlog
D:\vcpro\flygomfc\flygomfc\Release\link.command.1.tlog
D:\vcpro\flygomfc\flygomfc\Release\link.read.1.tlog
D:\vcpro\flygomfc\flygomfc\Release\link.write.1.tlog
D:\vcpro\flygomfc\flygomfc\Release\rc.command.1.tlog
D:\vcpro\flygomfc\flygomfc\Release\rc.read.1.tlog
D:\vcpro\flygomfc\flygomfc\Release\rc.write.1.tlog
D:\vcpro\flygomfc\flygomfc\Release\flygomfc.res
D:\vcpro\flygomfc\flygomfc\Release\flygomfc.pch
D:\vcpro\flygomfc\flygomfc\Release\vc110.pdb
D:\vcpro\flygomfc\Release\flygomfc.pdb
D:\vcpro\flygomfc\Release\flygomfc.exe
