D:\VCPRO\FLYGOMFC\FLYGOMFC\DEBUG\FLYGOMFC.PCH
D:\VCPRO\FLYGOMFC\FLYGOMFC\DEBUG\STDAFX.OBJ
D:\VCPRO\FLYGOMFC\FLYGOMFC\DEBUG\VC110.PDB
D:\VCPRO\FLYGOMFC\FLYGOMFC\DEBUG\FLYGOMFC.OBJ
D:\VCPRO\FLYGOMFC\FLYGOMFC\DEBUG\FLYGOMFCDLG.OBJ
D:\VCPRO\FLYGOMFC\FLYGOMFC\DEBUG\TOOL.OBJ
D:\VCPRO\FLYGOMFC\DEBUG\FLYGOMFC.ILK
D:\VCPRO\FLYGOMFC\DEBUG\FLYGOMFC.EXE
D:\VCPRO\FLYGOMFC\DEBUG\FLYGOMFC.PDB
D:\VCPRO\FLYGOMFC\FLYGOMFC\DEBUG\FLYGOMFC.RES
D:\vcpro\flygomfc\flygomfc\Debug\flygomfc.obj
D:\vcpro\flygomfc\flygomfc\Debug\flygomfcDlg.obj
D:\vcpro\flygomfc\flygomfc\Debug\stdafx.obj
D:\vcpro\flygomfc\flygomfc\Debug\tool.obj
D:\vcpro\flygomfc\flygomfc\Debug\cl.command.1.tlog
D:\vcpro\flygomfc\flygomfc\Debug\CL.read.1.tlog
D:\vcpro\flygomfc\flygomfc\Debug\CL.write.1.tlog
D:\vcpro\flygomfc\flygomfc\Debug\link-cvtres.read.1.tlog
D:\vcpro\flygomfc\flygomfc\Debug\link-cvtres.write.1.tlog
D:\vcpro\flygomfc\flygomfc\Debug\link-mt.read.1.tlog
D:\vcpro\flygomfc\flygomfc\Debug\link-mt.write.1.tlog
D:\vcpro\flygomfc\flygomfc\Debug\link-rc.read.1.tlog
D:\vcpro\flygomfc\flygomfc\Debug\link-rc.write.1.tlog
D:\vcpro\flygomfc\flygomfc\Debug\link.command.1.tlog
D:\vcpro\flygomfc\flygomfc\Debug\link.read.1.tlog
D:\vcpro\flygomfc\flygomfc\Debug\link.write.1.tlog
D:\vcpro\flygomfc\flygomfc\Debug\rc.command.1.tlog
D:\vcpro\flygomfc\flygomfc\Debug\rc.read.1.tlog
D:\vcpro\flygomfc\flygomfc\Debug\rc.write.1.tlog
D:\vcpro\flygomfc\flygomfc\Debug\flygomfc.res
D:\vcpro\flygomfc\flygomfc\Debug\flygomfc.pch
D:\vcpro\flygomfc\flygomfc\Debug\vc110.idb
D:\vcpro\flygomfc\flygomfc\Debug\vc110.pdb
D:\vcpro\flygomfc\Debug\flygomfc.pdb
D:\vcpro\flygomfc\Debug\flygomfc.exe
D:\vcpro\flygomfc\Debug\flygomfc.ilk
